Arguments: 
  /usr/local/bin/node /usr/local/bin/yarn test

PATH: 
  /home/vitor/.cargo/bin:/usr/local/sbin:/usr/local/bin:/usr/sbin:/usr/bin:/sbin:/bin:/usr/games:/usr/local/games:/snap/bin:/opt/sonar-scanner/bin

Yarn version: 
  1.22.19

Node version: 
  16.17.0

Platform: 
  linux x64

Trace: 
  SyntaxError: /home/vitor/Documentos/FullCycle/micro-videos/package.json: Unexpected token } in JSON at position 221
      at JSON.parse (<anonymous>)
      at /usr/local/lib/node_modules/yarn/lib/cli.js:1629:59
      at Generator.next (<anonymous>)
      at step (/usr/local/lib/node_modules/yarn/lib/cli.js:310:30)
      at /usr/local/lib/node_modules/yarn/lib/cli.js:321:13

npm manifest: 
  {
    "name": "micro-videos",
    "version": "1.0.0",
    "description": "admin do catálogo de vídeos",
    "main": "index.js",
    "scripts": {
      "ts-node": "ts-node",
      "tsc": "tsc",
      "test": "jest -- --maxWorkers=50%",
    },
    "author": "",
    "license": "ISC",
    "devDependencies": {
      "@commitlint/cli": "^17.0.3",
      "@commitlint/config-conventional": "^17.0.3",
      "@swc/core": "^1.2.224",
      "@swc/jest": "^0.2.22",
      "@types/jest": "^28.1.6",
      "@types/lodash": "^4.14.182",
      "@types/node": "^16.11.7",
      "@types/uuid": "^8.3.4",
      "cz-conventional-changelog": "^3.3.0",
      "husky": "^8.0.1",
      "jest": "^28.1.3",
      "lodash": "^4.17.21",
      "regenerator-runtime": "^0.13.9",
      "ts-node": "^10.9.1",
      "typescript": "^4.7.4"
    },
    "config": {
      "commitizen": {
        "path": "./node_modules/cz-conventional-changelog"
      }
    },
    "dependencies": {
      "class-validator": "^0.13.2",
      "uuid": "^8.3.2"
    }
  }

yarn manifest: 
  No manifest

Lockfile: 
  No lockfile
